[0.012s] Invoking command in '/home/cananella/project/SynchroHumanoid/src/openarm_ros_ws/build/openarm_hardware': CMAKE_PREFIX_PATH=${CMAKE_PREFIX_PATH}:/home/cananella/turtlebot_ws/install/turtlebot3_teleop:/home/cananella/turtlebot_ws/install/turtlebot3_example:/home/cananella/turtlebot_ws/install/moveit_configs_utils:/home/cananella/turtlebot_ws/install/launch_param_builder:/opt/ros/humble /usr/bin/cmake /home/cananella/project/SynchroHumanoid/src/openarm_ros_ws/src/openarm_ros2/openarm_hardware -DCMAKE_INSTALL_PREFIX=/home/cananella/project/SynchroHumanoid/src/openarm_ros_ws/install/openarm_hardware
[0.063s] -- The C compiler identification is GNU 11.4.0
[0.106s] -- The CXX compiler identification is GNU 11.4.0
[0.113s] -- Detecting C compiler ABI info
[0.183s] -- Detecting C compiler ABI info - done
[0.187s] -- Check for working C compiler: /usr/bin/cc - skipped
[0.187s] -- Detecting C compile features
[0.187s] -- Detecting C compile features - done
[0.189s] -- Detecting CXX compiler ABI info
[0.267s] -- Detecting CXX compiler ABI info - done
[0.271s] -- Check for working CXX compiler: /usr/bin/c++ - skipped
[0.271s] -- Detecting CXX compile features
[0.271s] -- Detecting CXX compile features - done
[0.279s] -- Found ament_cmake: 1.3.12 (/opt/ros/humble/share/ament_cmake/cmake)
[0.402s] -- Found Python3: /usr/bin/python3 (found version "3.10.12") found components: Interpreter 
[0.544s] -- Found hardware_interface: 2.52.0 (/opt/ros/humble/share/hardware_interface/cmake)
[0.634s] -- Found rosidl_generator_c: 3.1.7 (/opt/ros/humble/share/rosidl_generator_c/cmake)
[0.649s] -- Found rosidl_adapter: 3.1.7 (/opt/ros/humble/share/rosidl_adapter/cmake)
[0.666s] -- Found rosidl_generator_cpp: 3.1.7 (/opt/ros/humble/share/rosidl_generator_cpp/cmake)
[0.687s] -- Using all available rosidl_typesupport_c: rosidl_typesupport_fastrtps_c;rosidl_typesupport_introspection_c
[0.715s] -- Using all available rosidl_typesupport_cpp: rosidl_typesupport_fastrtps_cpp;rosidl_typesupport_introspection_cpp
[0.983s] -- Found rmw_implementation_cmake: 6.1.2 (/opt/ros/humble/share/rmw_implementation_cmake/cmake)
[0.992s] -- Found rmw_cyclonedds_cpp: 1.3.4 (/opt/ros/humble/share/rmw_cyclonedds_cpp/cmake)
[1.039s] -- Using RMW implementation 'rmw_cyclonedds_cpp' as default
[1.062s] -- Looking for pthread.h
[1.142s] -- Looking for pthread.h - found
[1.142s] -- Performing Test CMAKE_HAVE_LIBC_PTHREAD
[1.223s] -- Performing Test CMAKE_HAVE_LIBC_PTHREAD - Success
[1.223s] -- Found Threads: TRUE  
[1.331s] -- Configuring done
[1.339s] -- Generating done
[1.341s] -- Build files have been written to: /home/cananella/project/SynchroHumanoid/src/openarm_ros_ws/build/openarm_hardware
[1.350s] Invoked command in '/home/cananella/project/SynchroHumanoid/src/openarm_ros_ws/build/openarm_hardware' returned '0': CMAKE_PREFIX_PATH=${CMAKE_PREFIX_PATH}:/home/cananella/turtlebot_ws/install/turtlebot3_teleop:/home/cananella/turtlebot_ws/install/turtlebot3_example:/home/cananella/turtlebot_ws/install/moveit_configs_utils:/home/cananella/turtlebot_ws/install/launch_param_builder:/opt/ros/humble /usr/bin/cmake /home/cananella/project/SynchroHumanoid/src/openarm_ros_ws/src/openarm_ros2/openarm_hardware -DCMAKE_INSTALL_PREFIX=/home/cananella/project/SynchroHumanoid/src/openarm_ros_ws/install/openarm_hardware
[1.351s] Invoking command in '/home/cananella/project/SynchroHumanoid/src/openarm_ros_ws/build/openarm_hardware': CMAKE_PREFIX_PATH=${CMAKE_PREFIX_PATH}:/home/cananella/turtlebot_ws/install/turtlebot3_teleop:/home/cananella/turtlebot_ws/install/turtlebot3_example:/home/cananella/turtlebot_ws/install/moveit_configs_utils:/home/cananella/turtlebot_ws/install/launch_param_builder:/opt/ros/humble /usr/bin/cmake --build /home/cananella/project/SynchroHumanoid/src/openarm_ros_ws/build/openarm_hardware -- -j16 -l16
[1.415s] [ 50%] [32mBuilding CXX object CMakeFiles/openarm_hardware.dir/src/v10_simple_hardware.cpp.o[0m
[3.557s] [100%] [32m[1mLinking CXX shared library libopenarm_hardware.so[0m
[3.665s] [100%] Built target openarm_hardware
[3.678s] Invoked command in '/home/cananella/project/SynchroHumanoid/src/openarm_ros_ws/build/openarm_hardware' returned '0': CMAKE_PREFIX_PATH=${CMAKE_PREFIX_PATH}:/home/cananella/turtlebot_ws/install/turtlebot3_teleop:/home/cananella/turtlebot_ws/install/turtlebot3_example:/home/cananella/turtlebot_ws/install/moveit_configs_utils:/home/cananella/turtlebot_ws/install/launch_param_builder:/opt/ros/humble /usr/bin/cmake --build /home/cananella/project/SynchroHumanoid/src/openarm_ros_ws/build/openarm_hardware -- -j16 -l16
[3.679s] Invoking command in '/home/cananella/project/SynchroHumanoid/src/openarm_ros_ws/build/openarm_hardware': CMAKE_PREFIX_PATH=${CMAKE_PREFIX_PATH}:/home/cananella/turtlebot_ws/install/turtlebot3_teleop:/home/cananella/turtlebot_ws/install/turtlebot3_example:/home/cananella/turtlebot_ws/install/moveit_configs_utils:/home/cananella/turtlebot_ws/install/launch_param_builder:/opt/ros/humble /usr/bin/cmake --install /home/cananella/project/SynchroHumanoid/src/openarm_ros_ws/build/openarm_hardware
[3.689s] -- Install configuration: ""
[3.689s] -- Installing: /home/cananella/project/SynchroHumanoid/src/openarm_ros_ws/install/openarm_hardware/share/openarm_hardware/openarm_hardware.xml
[3.690s] -- Installing: /home/cananella/project/SynchroHumanoid/src/openarm_ros_ws/install/openarm_hardware/lib/libopenarm_hardware.so
[3.691s] -- Set runtime path of "/home/cananella/project/SynchroHumanoid/src/openarm_ros_ws/install/openarm_hardware/lib/libopenarm_hardware.so" to ""
[3.691s] -- Installing: /home/cananella/project/SynchroHumanoid/src/openarm_ros_ws/install/openarm_hardware/include
[3.691s] -- Installing: /home/cananella/project/SynchroHumanoid/src/openarm_ros_ws/install/openarm_hardware/include/openarm_hardware
[3.691s] -- Installing: /home/cananella/project/SynchroHumanoid/src/openarm_ros_ws/install/openarm_hardware/include/openarm_hardware/v10_simple_hardware.hpp
[3.691s] -- Installing: /home/cananella/project/SynchroHumanoid/src/openarm_ros_ws/install/openarm_hardware/include/openarm_hardware/visibility_control.h
[3.691s] -- Installing: /home/cananella/project/SynchroHumanoid/src/openarm_ros_ws/install/openarm_hardware/share/openarm_hardware/environment/library_path.sh
[3.691s] -- Installing: /home/cananella/project/SynchroHumanoid/src/openarm_ros_ws/install/openarm_hardware/share/openarm_hardware/environment/library_path.dsv
[3.691s] -- Installing: /home/cananella/project/SynchroHumanoid/src/openarm_ros_ws/install/openarm_hardware/share/ament_index/resource_index/package_run_dependencies/openarm_hardware
[3.691s] -- Installing: /home/cananella/project/SynchroHumanoid/src/openarm_ros_ws/install/openarm_hardware/share/ament_index/resource_index/parent_prefix_path/openarm_hardware
[3.691s] -- Installing: /home/cananella/project/SynchroHumanoid/src/openarm_ros_ws/install/openarm_hardware/share/openarm_hardware/environment/ament_prefix_path.sh
[3.691s] -- Installing: /home/cananella/project/SynchroHumanoid/src/openarm_ros_ws/install/openarm_hardware/share/openarm_hardware/environment/ament_prefix_path.dsv
[3.692s] -- Installing: /home/cananella/project/SynchroHumanoid/src/openarm_ros_ws/install/openarm_hardware/share/openarm_hardware/environment/path.sh
[3.692s] -- Installing: /home/cananella/project/SynchroHumanoid/src/openarm_ros_ws/install/openarm_hardware/share/openarm_hardware/environment/path.dsv
[3.692s] -- Installing: /home/cananella/project/SynchroHumanoid/src/openarm_ros_ws/install/openarm_hardware/share/openarm_hardware/local_setup.bash
[3.692s] -- Installing: /home/cananella/project/SynchroHumanoid/src/openarm_ros_ws/install/openarm_hardware/share/openarm_hardware/local_setup.sh
[3.692s] -- Installing: /home/cananella/project/SynchroHumanoid/src/openarm_ros_ws/install/openarm_hardware/share/openarm_hardware/local_setup.zsh
[3.692s] -- Installing: /home/cananella/project/SynchroHumanoid/src/openarm_ros_ws/install/openarm_hardware/share/openarm_hardware/local_setup.dsv
[3.692s] -- Installing: /home/cananella/project/SynchroHumanoid/src/openarm_ros_ws/install/openarm_hardware/share/openarm_hardware/package.dsv
[3.692s] -- Installing: /home/cananella/project/SynchroHumanoid/src/openarm_ros_ws/install/openarm_hardware/share/ament_index/resource_index/packages/openarm_hardware
[3.692s] -- Installing: /home/cananella/project/SynchroHumanoid/src/openarm_ros_ws/install/openarm_hardware/share/ament_index/resource_index/hardware_interface__pluginlib__plugin/openarm_hardware
[3.692s] -- Installing: /home/cananella/project/SynchroHumanoid/src/openarm_ros_ws/install/openarm_hardware/share/openarm_hardware/cmake/ament_cmake_export_include_directories-extras.cmake
[3.692s] -- Installing: /home/cananella/project/SynchroHumanoid/src/openarm_ros_ws/install/openarm_hardware/share/openarm_hardware/cmake/ament_cmake_export_libraries-extras.cmake
[3.693s] -- Installing: /home/cananella/project/SynchroHumanoid/src/openarm_ros_ws/install/openarm_hardware/share/openarm_hardware/cmake/ament_cmake_export_dependencies-extras.cmake
[3.693s] -- Installing: /home/cananella/project/SynchroHumanoid/src/openarm_ros_ws/install/openarm_hardware/share/openarm_hardware/cmake/openarm_hardwareConfig.cmake
[3.693s] -- Installing: /home/cananella/project/SynchroHumanoid/src/openarm_ros_ws/install/openarm_hardware/share/openarm_hardware/cmake/openarm_hardwareConfig-version.cmake
[3.693s] -- Installing: /home/cananella/project/SynchroHumanoid/src/openarm_ros_ws/install/openarm_hardware/share/openarm_hardware/package.xml
[3.694s] Invoked command in '/home/cananella/project/SynchroHumanoid/src/openarm_ros_ws/build/openarm_hardware' returned '0': CMAKE_PREFIX_PATH=${CMAKE_PREFIX_PATH}:/home/cananella/turtlebot_ws/install/turtlebot3_teleop:/home/cananella/turtlebot_ws/install/turtlebot3_example:/home/cananella/turtlebot_ws/install/moveit_configs_utils:/home/cananella/turtlebot_ws/install/launch_param_builder:/opt/ros/humble /usr/bin/cmake --install /home/cananella/project/SynchroHumanoid/src/openarm_ros_ws/build/openarm_hardware
