[0.015s] Invoking command in '/home/cananella/project/SynchroHumanoid/src/openarm_ros_ws/build/openarm_bringup': CMAKE_PREFIX_PATH=${CMAKE_PREFIX_PATH}:/home/cananella/turtlebot_ws/install/turtlebot3_teleop:/home/cananella/turtlebot_ws/install/turtlebot3_example:/home/cananella/turtlebot_ws/install/moveit_configs_utils:/home/cananella/turtlebot_ws/install/launch_param_builder:/opt/ros/humble /usr/bin/cmake /home/cananella/project/SynchroHumanoid/src/openarm_ros_ws/src/openarm_ros2/openarm_bringup -DCMAKE_INSTALL_PREFIX=/home/cananella/project/SynchroHumanoid/src/openarm_ros_ws/install/openarm_bringup
[0.067s] -- The C compiler identification is GNU 11.4.0
[0.111s] -- The CXX compiler identification is GNU 11.4.0
[0.117s] -- Detecting C compiler ABI info
[0.188s] -- Detecting C compiler ABI info - done
[0.192s] -- Check for working C compiler: /usr/bin/cc - skipped
[0.192s] -- Detecting C compile features
[0.192s] -- Detecting C compile features - done
[0.194s] -- Detecting CXX compiler ABI info
[0.271s] -- Detecting CXX compiler ABI info - done
[0.275s] -- Check for working CXX compiler: /usr/bin/c++ - skipped
[0.275s] -- Detecting CXX compile features
[0.276s] -- Detecting CXX compile features - done
[0.283s] -- Found ament_cmake: 1.3.12 (/opt/ros/humble/share/ament_cmake/cmake)
[0.407s] -- Found Python3: /usr/bin/python3 (found version "3.10.12") found components: Interpreter 
[0.550s] -- Found ament_lint_auto: 0.12.14 (/opt/ros/humble/share/ament_lint_auto/cmake)
[0.643s] -- Added test 'flake8' to check Python code syntax and style conventions
[0.644s] -- Added test 'lint_cmake' to check CMake code style
[0.645s] -- Added test 'pep257' to check Python code against some of the docstring style conventions in PEP 257
[0.646s] -- Added test 'xmllint' to check XML markup files
[0.648s] -- Configuring done
[0.650s] -- Generating done
[0.651s] -- Build files have been written to: /home/cananella/project/SynchroHumanoid/src/openarm_ros_ws/build/openarm_bringup
[0.655s] Invoked command in '/home/cananella/project/SynchroHumanoid/src/openarm_ros_ws/build/openarm_bringup' returned '0': CMAKE_PREFIX_PATH=${CMAKE_PREFIX_PATH}:/home/cananella/turtlebot_ws/install/turtlebot3_teleop:/home/cananella/turtlebot_ws/install/turtlebot3_example:/home/cananella/turtlebot_ws/install/moveit_configs_utils:/home/cananella/turtlebot_ws/install/launch_param_builder:/opt/ros/humble /usr/bin/cmake /home/cananella/project/SynchroHumanoid/src/openarm_ros_ws/src/openarm_ros2/openarm_bringup -DCMAKE_INSTALL_PREFIX=/home/cananella/project/SynchroHumanoid/src/openarm_ros_ws/install/openarm_bringup
[0.656s] Invoking command in '/home/cananella/project/SynchroHumanoid/src/openarm_ros_ws/build/openarm_bringup': CMAKE_PREFIX_PATH=${CMAKE_PREFIX_PATH}:/home/cananella/turtlebot_ws/install/turtlebot3_teleop:/home/cananella/turtlebot_ws/install/turtlebot3_example:/home/cananella/turtlebot_ws/install/moveit_configs_utils:/home/cananella/turtlebot_ws/install/launch_param_builder:/opt/ros/humble /usr/bin/cmake --build /home/cananella/project/SynchroHumanoid/src/openarm_ros_ws/build/openarm_bringup -- -j16 -l16
[0.706s] Invoked command in '/home/cananella/project/SynchroHumanoid/src/openarm_ros_ws/build/openarm_bringup' returned '0': CMAKE_PREFIX_PATH=${CMAKE_PREFIX_PATH}:/home/cananella/turtlebot_ws/install/turtlebot3_teleop:/home/cananella/turtlebot_ws/install/turtlebot3_example:/home/cananella/turtlebot_ws/install/moveit_configs_utils:/home/cananella/turtlebot_ws/install/launch_param_builder:/opt/ros/humble /usr/bin/cmake --build /home/cananella/project/SynchroHumanoid/src/openarm_ros_ws/build/openarm_bringup -- -j16 -l16
[0.716s] Invoking command in '/home/cananella/project/SynchroHumanoid/src/openarm_ros_ws/build/openarm_bringup': CMAKE_PREFIX_PATH=${CMAKE_PREFIX_PATH}:/home/cananella/turtlebot_ws/install/turtlebot3_teleop:/home/cananella/turtlebot_ws/install/turtlebot3_example:/home/cananella/turtlebot_ws/install/moveit_configs_utils:/home/cananella/turtlebot_ws/install/launch_param_builder:/opt/ros/humble /usr/bin/cmake --install /home/cananella/project/SynchroHumanoid/src/openarm_ros_ws/build/openarm_bringup
[0.727s] -- Install configuration: ""
[0.727s] -- Installing: /home/cananella/project/SynchroHumanoid/src/openarm_ros_ws/install/openarm_bringup/share/openarm_bringup/launch
[0.727s] -- Installing: /home/cananella/project/SynchroHumanoid/src/openarm_ros_ws/install/openarm_bringup/share/openarm_bringup/launch/openarm.launch.py
[0.727s] -- Installing: /home/cananella/project/SynchroHumanoid/src/openarm_ros_ws/install/openarm_bringup/share/openarm_bringup/launch/openarm.bimanual.launch.py
[0.727s] -- Installing: /home/cananella/project/SynchroHumanoid/src/openarm_ros_ws/install/openarm_bringup/share/openarm_bringup/config
[0.727s] -- Installing: /home/cananella/project/SynchroHumanoid/src/openarm_ros_ws/install/openarm_bringup/share/openarm_bringup/config/v10_controllers
[0.727s] -- Installing: /home/cananella/project/SynchroHumanoid/src/openarm_ros_ws/install/openarm_bringup/share/openarm_bringup/config/v10_controllers/openarm_v10_bimanual_controllers.yaml
[0.727s] -- Installing: /home/cananella/project/SynchroHumanoid/src/openarm_ros_ws/install/openarm_bringup/share/openarm_bringup/config/v10_controllers/openarm_v10_controllers.yaml
[0.727s] -- Installing: /home/cananella/project/SynchroHumanoid/src/openarm_ros_ws/install/openarm_bringup/share/openarm_bringup/config/v10_controllers/openarm_v10_bimanual_controllers_namespaced.yaml
[0.728s] -- Installing: /home/cananella/project/SynchroHumanoid/src/openarm_ros_ws/install/openarm_bringup/share/ament_index/resource_index/package_run_dependencies/openarm_bringup
[0.728s] -- Installing: /home/cananella/project/SynchroHumanoid/src/openarm_ros_ws/install/openarm_bringup/share/ament_index/resource_index/parent_prefix_path/openarm_bringup
[0.728s] -- Installing: /home/cananella/project/SynchroHumanoid/src/openarm_ros_ws/install/openarm_bringup/share/openarm_bringup/environment/ament_prefix_path.sh
[0.728s] -- Installing: /home/cananella/project/SynchroHumanoid/src/openarm_ros_ws/install/openarm_bringup/share/openarm_bringup/environment/ament_prefix_path.dsv
[0.728s] -- Installing: /home/cananella/project/SynchroHumanoid/src/openarm_ros_ws/install/openarm_bringup/share/openarm_bringup/environment/path.sh
[0.728s] -- Installing: /home/cananella/project/SynchroHumanoid/src/openarm_ros_ws/install/openarm_bringup/share/openarm_bringup/environment/path.dsv
[0.728s] -- Installing: /home/cananella/project/SynchroHumanoid/src/openarm_ros_ws/install/openarm_bringup/share/openarm_bringup/local_setup.bash
[0.728s] -- Installing: /home/cananella/project/SynchroHumanoid/src/openarm_ros_ws/install/openarm_bringup/share/openarm_bringup/local_setup.sh
[0.728s] -- Installing: /home/cananella/project/SynchroHumanoid/src/openarm_ros_ws/install/openarm_bringup/share/openarm_bringup/local_setup.zsh
[0.728s] -- Installing: /home/cananella/project/SynchroHumanoid/src/openarm_ros_ws/install/openarm_bringup/share/openarm_bringup/local_setup.dsv
[0.728s] -- Installing: /home/cananella/project/SynchroHumanoid/src/openarm_ros_ws/install/openarm_bringup/share/openarm_bringup/package.dsv
[0.728s] -- Installing: /home/cananella/project/SynchroHumanoid/src/openarm_ros_ws/install/openarm_bringup/share/ament_index/resource_index/packages/openarm_bringup
[0.728s] -- Installing: /home/cananella/project/SynchroHumanoid/src/openarm_ros_ws/install/openarm_bringup/share/openarm_bringup/cmake/openarm_bringupConfig.cmake
[0.729s] -- Installing: /home/cananella/project/SynchroHumanoid/src/openarm_ros_ws/install/openarm_bringup/share/openarm_bringup/cmake/openarm_bringupConfig-version.cmake
[0.729s] -- Installing: /home/cananella/project/SynchroHumanoid/src/openarm_ros_ws/install/openarm_bringup/share/openarm_bringup/package.xml
[0.730s] Invoked command in '/home/cananella/project/SynchroHumanoid/src/openarm_ros_ws/build/openarm_bringup' returned '0': CMAKE_PREFIX_PATH=${CMAKE_PREFIX_PATH}:/home/cananella/turtlebot_ws/install/turtlebot3_teleop:/home/cananella/turtlebot_ws/install/turtlebot3_example:/home/cananella/turtlebot_ws/install/moveit_configs_utils:/home/cananella/turtlebot_ws/install/launch_param_builder:/opt/ros/humble /usr/bin/cmake --install /home/cananella/project/SynchroHumanoid/src/openarm_ros_ws/build/openarm_bringup
